C51 COMPILER V9.54   LCD1602                                                               10/21/2022 20:55:13 PAGE 1   


C51 COMPILER V9.54, COMPILATION OF MODULE LCD1602
OBJECT MODULE PLACED IN .\Objects\LCD1602.obj
COMPILER INVOKED BY: C:\Keil_v5\C51\BIN\C51.EXE LCD1602.c OPTIMIZE(8,SPEED) BROWSE DEBUG OBJECTEXTEND PRINT(.\Listings\L
                    -CD1602.lst) TABS(2) OBJECT(.\Objects\LCD1602.obj)

line level    source

   1          #include "head.h"
   2          
   3          //引脚配置：
   4          sbit LCD_RS=P2^6;
   5          sbit LCD_RW=P2^5;
   6          sbit LCD_EN=P2^7;
   7          #define LCD_DataPort P0
   8          
   9          char local_date=0,base_date=0;//全局变量，当前箭头位置
  10          
  11          //函数定义：
  12          /**
  13            * @brief  LCD1602延时函数，12MHz调用可延时1ms
  14            * @param  无
  15            * @retval 无
  16            */
  17          void LCD_Delay()
  18          {
  19   1        unsigned char i, j;
  20   1      
  21   1        i = 2;
  22   1        j = 239;
  23   1        do
  24   1        {
  25   2          while (--j);
  26   2        } while (--i);
  27   1      }
  28          
  29          /**
  30            * @brief  LCD1602写命令
  31            * @param  Command 要写入的命令
  32            * @retval 无
  33            */
  34          void LCD_WriteCommand(unsigned char Command)
  35          {
  36   1        LCD_RS=0;
  37   1        LCD_RW=0;
  38   1        LCD_DataPort=Command;
  39   1        LCD_EN=1;
  40   1        LCD_Delay();
  41   1        LCD_EN=0;
  42   1        LCD_Delay();
  43   1      }
  44          
  45          /**
  46            * @brief  LCD1602写数据
  47            * @param  Data 要写入的数据
  48            * @retval 无
  49            */
  50          void LCD_WriteData(unsigned char Data)
  51          {
  52   1        LCD_RS=1;
  53   1        LCD_RW=0;
  54   1        LCD_DataPort=Data;
C51 COMPILER V9.54   LCD1602                                                               10/21/2022 20:55:13 PAGE 2   

  55   1        LCD_EN=1;
  56   1        LCD_Delay();
  57   1        LCD_EN=0;
  58   1        LCD_Delay();
  59   1      }
  60          
  61          /**
  62            * @brief  LCD1602设置光标位置
  63            * @param  Line 行位置，范围：1~2
  64            * @param  Column 列位置，范围：1~16
  65            * @retval 无
  66            */
  67          void LCD_SetCursor(unsigned char Line,unsigned char Column)
  68          {
  69   1        if(Line==1)
  70   1        {
  71   2          LCD_WriteCommand(0x80|(Column-1));
  72   2        }
  73   1        else if(Line==2)
  74   1        {
  75   2          LCD_WriteCommand(0x80|(Column-1+0x40));
  76   2        }
  77   1      }
  78          
  79          /**
  80            * @brief  LCD1602初始化函数
  81            * @param  无
  82            * @retval 无
  83            */
  84          void LCD_Init()
  85          {
  86   1        LCD_WriteCommand(0x38);//八位数据接口，两行显示，5*7点阵
  87   1        LCD_WriteCommand(0x0c);//显示开，光标关，闪烁关
  88   1        LCD_WriteCommand(0x06);//数据读写操作后，光标自动加一，画面不动
  89   1        LCD_WriteCommand(0x01);//光标复位，清屏
  90   1      }
  91          
  92          /**
  93            * @brief  在LCD1602指定位置上显示一个字符
  94            * @param  Line 行位置，范围：1~2
  95            * @param  Column 列位置，范围：1~16
  96            * @param  Char 要显示的字符
  97            * @retval 无
  98            */
  99          void LCD_ShowChar(unsigned char Line,unsigned char Column,char Char)
 100          {
 101   1        LCD_SetCursor(Line,Column);
 102   1        LCD_WriteData(Char);
 103   1      }
 104          
 105          /**
 106            * @brief  在LCD1602指定位置开始显示所给字符串
 107            * @param  Line 起始行位置，范围：1~2
 108            * @param  Column 起始列位置，范围：1~16
 109            * @param  String 要显示的字符串
 110            * @retval 无
 111            */
 112          void LCD_ShowString(unsigned char Line,unsigned char Column,char *String)
 113          {
 114   1        unsigned char i;
 115   1        LCD_SetCursor(Line,Column);
 116   1        for(i=0;String[i]!='\0';i++)
C51 COMPILER V9.54   LCD1602                                                               10/21/2022 20:55:13 PAGE 3   

 117   1        {
 118   2          LCD_WriteData(String[i]);
 119   2        }
 120   1      }
 121          
 122          /**
 123            * @brief  返回值=X的Y次方
 124            */
 125          int LCD_Pow(int X,int Y)
 126          {
 127   1        unsigned char i;
 128   1        int Result=1;
 129   1        for(i=0;i<Y;i++)
 130   1        {
 131   2          Result*=X;
 132   2        }
 133   1        return Result;
 134   1      }
 135          
 136          /**
 137            * @brief  在LCD1602指定位置开始显示所给数字
 138            * @param  Line 起始行位置，范围：1~2
 139            * @param  Column 起始列位置，范围：1~16
 140            * @param  Number 要显示的数字，范围：0~65535
 141            * @param  Length 要显示数字的长度，范围：1~5
 142            * @retval 无
 143            */
 144          void LCD_ShowNum(unsigned char Line,unsigned char Column,unsigned int Number,unsigned char Length)
 145          {
 146   1        unsigned char i;
 147   1        LCD_SetCursor(Line,Column);
 148   1        for(i=Length;i>0;i--)
 149   1        {
 150   2          LCD_WriteData(Number/LCD_Pow(10,i-1)%10+'0');
 151   2        }
 152   1      }
 153          
 154          /**
 155            * @brief  在LCD1602指定位置开始以有符号十进制显示所给数字
 156            * @param  Line 起始行位置，范围：1~2
 157            * @param  Column 起始列位置，范围：1~16
 158            * @param  Number 要显示的数字，范围：-32768~32767
 159            * @param  Length 要显示数字的长度，范围：1~5
 160            * @retval 无
 161            */
 162          void LCD_ShowSignedNum(unsigned char Line,unsigned char Column,int Number,unsigned char Length)
 163          {
 164   1        unsigned char i;
 165   1        unsigned int Number1;
 166   1        LCD_SetCursor(Line,Column);
 167   1        if(Number>=0)
 168   1        {
 169   2          LCD_WriteData('+');
 170   2          Number1=Number;
 171   2        }
 172   1        else
 173   1        {
 174   2          LCD_WriteData('-');
 175   2          Number1=-Number;
 176   2        }
 177   1        for(i=Length;i>0;i--)
 178   1        {
C51 COMPILER V9.54   LCD1602                                                               10/21/2022 20:55:13 PAGE 4   

 179   2          LCD_WriteData(Number1/LCD_Pow(10,i-1)%10+'0');
 180   2        }
 181   1      }
 182          
 183          /**
 184            * @brief  在LCD1602指定位置开始以十六进制显示所给数字
 185            * @param  Line 起始行位置，范围：1~2
 186            * @param  Column 起始列位置，范围：1~16
 187            * @param  Number 要显示的数字，范围：0~0xFFFF
 188            * @param  Length 要显示数字的长度，范围：1~4
 189            * @retval 无
 190            */
 191          void LCD_ShowHexNum(unsigned char Line,unsigned char Column,unsigned int Number,unsigned char Length)
 192          {
 193   1        unsigned char i,SingleNumber;
 194   1        LCD_SetCursor(Line,Column);
 195   1        for(i=Length;i>0;i--)
 196   1        {
 197   2          SingleNumber=Number/LCD_Pow(16,i-1)%16;
 198   2          if(SingleNumber<10)
 199   2          {
 200   3            LCD_WriteData(SingleNumber+'0');
 201   3          }
 202   2          else
 203   2          {
 204   3            LCD_WriteData(SingleNumber-10+'A');
 205   3          }
 206   2        }
 207   1      }
 208          
 209          /**
 210            * @brief  在LCD1602指定位置开始以二进制显示所给数字
 211            * @param  Line 起始行位置，范围：1~2
 212            * @param  Column 起始列位置，范围：1~16
 213            * @param  Number 要显示的数字，范围：0~1111 1111 1111 1111
 214            * @param  Length 要显示数字的长度，范围：1~16
 215            * @retval 无
 216            */
 217          void LCD_ShowBinNum(unsigned char Line,unsigned char Column,unsigned int Number,unsigned char Length)
 218          {
 219   1        unsigned char i;
 220   1        LCD_SetCursor(Line,Column);
 221   1        for(i=Length;i>0;i--)
 222   1        {
 223   2          LCD_WriteData(Number/LCD_Pow(2,i-1)%2+'0');
 224   2        }
 225   1      }
 226          
 227          //unsigned char code *Main_Menu[]=
 228          //{
 229          //{"  指纹识别系统"},
 230          //{"  1.添加指纹"},
 231          //{"  2.搜索指纹"},
 232          //{"  3.清空指纹库"}
 233          //};
 234          
 235          
 236          /***********************************************
 237          函数名称：Delay_us
 238          功    能：STC 1T单片机1us延时程序
 239          入口参数：us:延时的微秒数
 240          返 回 值：无 
C51 COMPILER V9.54   LCD1602                                                               10/21/2022 20:55:13 PAGE 5   

 241          备    注：内部时钟11.0592MHz
 242          ************************************************/
 243          void Delayus(unsigned int us)
 244          {
 245   1          while( us--)
 246   1          {
 247   2            _nop_(); 
 248   2          }             
 249   1      }
 250          /***********************************************
 251          函数名称：Delay_ms
 252          功    能：STC 1T单片机1ms延时程序
 253          入口参数：ms:延时的毫秒数
 254          返 回 值：无 
 255          备    注：示波器实测1.05ms 内部时钟11.0592MHz
 256          ************************************************/
 257          void Delayms(unsigned int ms)
 258          {
 259   1          unsigned int i;
 260   1          while( (ms--) != 0)
 261   1          {
 262   2            for(i = 0; i < 600; i++); 
 263   2          }             
 264   1      }
 265          /*************************************
 266          * 函 数 名: LCD1602_WriteCMD
 267          * 函数功能: 向lcd1602写指令
 268          * 入口参数: cmd:指令
 269          * 返    回: 无
 270          * 备    注：无
 271          **************************************/
 272          void LCD1602_WriteCMD(unsigned char cmd)
 273          {
 274   1          LCD_EN=0;
 275   1          LCD_RS=0;
 276   1          LCD_RW=0;
 277   1          Delayus(10);
 278   1          LCD_EN=1; 
 279   1          Delayus(10);
 280   1          LCD_DataPort=cmd;
 281   1          Delayus(10);
 282   1          LCD_EN=0;
 283   1      }
 284          /***********************************************
 285          函数名称：LCD1602_WriteDAT
 286          功    能：向lcd1602写数据
 287          入口参数：dat：数据
 288          返 回 值：无 
 289          备    注：无
 290          ************************************************/
 291          void LCD1602_WriteDAT(unsigned char dat)
 292          {
 293   1          LCD_EN=0;
 294   1          LCD_RS=1;
 295   1          LCD_RW=0;
 296   1          Delayus(10);
 297   1          LCD_EN=1; 
 298   1          Delayus(10);
 299   1          LCD_DataPort=dat;
 300   1          Delayus(10);
 301   1          LCD_EN=0;
 302   1      }
C51 COMPILER V9.54   LCD1602                                                               10/21/2022 20:55:13 PAGE 6   

 303          /***********************************************
 304          函数名称：LCD1602_CheckBusy
 305          功    能：检测lcd1602忙信号
 306          入口参数：无
 307          返 回 值：无 
 308          备    注：无
 309          ************************************************/
 310          void LCD1602_CheckBusy(void)
 311          {
 312   1          unsigned char temp;
 313   1        LCD_DataPort=0xff;      //做输入先置高,12c系列单片机需转换端口模式
 314   1          while(1)
 315   1          {    
 316   2            LCD_EN=0;        
 317   2            LCD_RS=0;
 318   2            LCD_RW=1;
 319   2            Delayus(10);
 320   2            LCD_EN=1;
 321   2            Delayus(10);
 322   2            temp=LCD_DataPort;    //读取忙通道数据
 323   2            Delayus(10);
 324   2            LCD_EN=0;
 325   2            if((temp&0x80)!=0x80)
 326   2            {    
 327   3                break;
 328   3            }
 329   2          }
 330   1      }
 331           /***********************************************
 332          函数名称：LCD1602_Init
 333          功    能：LCD1602初始化
 334          入口参数：无
 335          返 回 值：无 
 336          备    注：详见数据手册定义。
 337          ************************************************/
 338          void LCD1602_Init(void)  
 339          {
 340   1          Delayms(15);          //上电延时15ms
 341   1          LCD1602_WriteCMD(0x38); //写显示指令(不检测忙信号)
 342   1          Delayms(5);
 343   1          LCD1602_WriteCMD(0x38); //写显示指令(不检测忙信号)
 344   1          Delayms(5);
 345   1          LCD1602_WriteCMD(0x38); //写显示指令(不检测忙信号)
 346   1          LCD1602_CheckBusy();
 347   1          LCD1602_WriteCMD(0x38); //写显示指令
 348   1          LCD1602_CheckBusy();
 349   1          LCD1602_WriteCMD(0x08); //显示关闭
 350   1          LCD1602_CheckBusy();
 351   1          LCD1602_WriteCMD(0x01); //清屏
 352   1          LCD1602_CheckBusy();
 353   1          LCD1602_WriteCMD(0x06); //显示光标移动设置
 354   1          LCD1602_CheckBusy();
 355   1          LCD1602_WriteCMD(0x0c); //显示开及光标设置  
 356   1      }
 357           /***********************************************
 358          函数名称：LCD1602_Display
 359          功    能：写多字节字符
 360          入口参数：addr起始地址，pointer指针地址，index下标，num个数
 361          返 回 值：无 
 362          备    注：无
 363          ************************************************/
 364          void LCD1602_Display(unsigned char addr,unsigned char* pointer,unsigned char index,unsigned char num)
C51 COMPILER V9.54   LCD1602                                                               10/21/2022 20:55:13 PAGE 7   

 365          {
 366   1          unsigned char i;
 367   1          LCD1602_CheckBusy();  //判断忙信号
 368   1          LCD1602_WriteCMD(addr); //写入地址
 369   1          for(i=0;i<num;i++)    //写入数据
 370   1          {
 371   2            LCD1602_CheckBusy();         //判断忙信号
 372   2            LCD1602_WriteDAT(pointer[index+i]);//写入数据     
 373   2          }
 374   1      }


MODULE INFORMATION:   STATIC OVERLAYABLE
   CODE SIZE        =    612    ----
   CONSTANT SIZE    =   ----    ----
   XDATA SIZE       =   ----    ----
   PDATA SIZE       =   ----    ----
   DATA SIZE        =      2      36
   IDATA SIZE       =   ----    ----
   BIT SIZE         =   ----    ----
END OF MODULE INFORMATION.


C51 COMPILATION COMPLETE.  0 WARNING(S),  0 ERROR(S)
