C51 COMPILER V9.54   MATRIXKEY                                                             10/21/2022 20:55:13 PAGE 1   


C51 COMPILER V9.54, COMPILATION OF MODULE MATRIXKEY
OBJECT MODULE PLACED IN .\Objects\MatrixKey.obj
COMPILER INVOKED BY: C:\Keil_v5\C51\BIN\C51.EXE MatrixKey.c OPTIMIZE(8,SPEED) BROWSE DEBUG OBJECTEXTEND PRINT(.\Listings
                    -\MatrixKey.lst) TABS(2) OBJECT(.\Objects\MatrixKey.obj)

line level    source

   1          #include "head.h"
   2          
   3          u8 KeyValue; //按键值
   4          char fla = -1; //按键按下一次信号
   5          extern MODE;
   6          void key_test()//行列扫描
   7          {
   8   1        char a = 0;
   9   1        gpio_key = 0x0f;
  10   1        
  11   1        if (gpio_key != 0x0f)
  12   1        {
  13   2          delay_1ms(100);
  14   2          if(gpio_key!=0x0f)
  15   2          {
  16   3            switch(gpio_key)
  17   3            {
  18   4              case(0x07):KeyValue = 1; break;
  19   4              case(0x0b):KeyValue = 2; break;
  20   4              case(0x0d):KeyValue = 3; break;
  21   4              case(0x0e):KeyValue = 4; break;
  22   4            } 
  23   3            gpio_key=0xf0;
  24   3            switch(gpio_key)
  25   3            {
  26   4              case(0x70):break;
  27   4              case(0xb0):KeyValue += 4; break;
  28   4              case(0xd0):KeyValue += 8; break;
  29   4              case(0xe0):KeyValue += 12; break;
  30   4            } 
  31   3            while((a<50)&&(gpio_key!=0xf0))
  32   3            {
  33   4              delay_1ms(10);
  34   4              a++;
  35   4              fla = 0;
  36   4            }
  37   3          }   
  38   2        }
  39   1      }
  40          void Key_Init(void) 
  41          {
  42   1        T2MOD = 0;    //初始化模式寄存器
  43   1        T2CON = 0;    //初始化控制寄存器
  44   1        TL2 = 0x18;   //设置定时初始值
  45   1        TH2 = 0xFC;   //设置定时初始值
  46   1        RCAP2L = 0x18;    //设置定时重载值
  47   1        RCAP2H = 0xFC;    //设置定时重载值
  48   1        TR2 = 1;    //定时器2开始计时
  49   1      
  50   1        ET2 = 1;  
  51   1        EA =1;
  52   1      }
  53          void tm2_isr() interrupt 5
  54          {
C51 COMPILER V9.54   MATRIXKEY                                                             10/21/2022 20:55:13 PAGE 2   

  55   1          key_test();
  56   1          
  57   1              
  58   1          TF2 = 0; 
  59   1      }


MODULE INFORMATION:   STATIC OVERLAYABLE
   CODE SIZE        =    208    ----
   CONSTANT SIZE    =   ----    ----
   XDATA SIZE       =   ----    ----
   PDATA SIZE       =   ----    ----
   DATA SIZE        =      2       1
   IDATA SIZE       =   ----    ----
   BIT SIZE         =   ----    ----
END OF MODULE INFORMATION.


C51 COMPILATION COMPLETE.  0 WARNING(S),  0 ERROR(S)
