C51 COMPILER V9.54   SERVO                                                                 10/21/2022 20:55:13 PAGE 1   


C51 COMPILER V9.54, COMPILATION OF MODULE SERVO
OBJECT MODULE PLACED IN .\Objects\servo.obj
COMPILER INVOKED BY: C:\Keil_v5\C51\BIN\C51.EXE servo.c OPTIMIZE(8,SPEED) BROWSE DEBUG OBJECTEXTEND PRINT(.\Listings\ser
                    -vo.lst) TABS(2) OBJECT(.\Objects\servo.obj)

line level    source

   1          #include "head.h"
   2          
   3          
   4          
   5          sbit  Car_Servo = P2^0;      // 舵机pwm控制
   6          u16 Servo0PwmDuty = 600;  //PWM脉冲宽度   1.5ms脉冲宽度  为舵机正中位置
   7          
   8          void Timer0Init(void)   //20毫秒@12.000MHz
   9          {
  10   1        //AUXR &= 0x7F;   //定时器时钟12T模式
  11   1        TMOD &= 0xF0;   //设置定时器模式
  12   1        TMOD |= 0x01;   //设置定时器模式
  13   1        TL0 = 0xE0;   //设置定时初始值
  14   1        TH0 = 0xB1;   //设置定时初始值
  15   1        TF0 = 0;    //清除TF0标志
  16   1        TR0 = 1;    //定时器0开始计时
  17   1      
  18   1        ET0 = 1;      //开定时器0中断
  19   1        EA = 1;       //开总中断
  20   1      }
  21          void Car_Servo_Init() //舵机初始化
  22          {
  23   1        Timer0Init();
  24   1      }
  25          
  26          void Timer0Value(u16 pwm)
  27          {
  28   1        
  29   1        u16 value;
  30   1        value=0xffff-pwm; 
  31   1        TR0 = 0;
  32   1        TL0 = value;      //16位数据给8位数据赋值默认将16位数据的低八位直接赋给八位数据
  33   1        TH0 = value >> 8;   //将16位数据右移8位，也就是将高8位移到低八位，再赋值给8位数据 
  34   1        TR0 = 1;
  35   1      }
  36          void Timer0_isr(void) interrupt 1 using 1
  37          {
  38   1        
  39   1        static u8 i = 1;  //静态变量：每次调用函数时保持上一次所赋的值，
  40   1                    //跟全局变量类似，不同是它只能用于此函数内部
  41   1        
  42   1        switch(i)
  43   1        {
  44   2          case 1:
  45   2            Car_Servo = 1;  //PWM控制脚高电平
  46   2            //给定时器0赋值，计数Pwm0Duty个脉冲后产生中断，下次中断会进入下一个case语句
  47   2            Timer0Value(Servo0PwmDuty); 
  48   2            break;
  49   2          case 2:
  50   2            Car_Servo = 0;  //PWM控制脚低电平
  51   2            //高脉冲结束后剩下的时间(20000-Pwm0Duty)全是低电平了，Pwm0Duty + (20000-Pwm0Duty) = 20000个脉冲正好为一
             -个周期20毫秒 
  52   2            Timer0Value(20000-Servo0PwmDuty);
  53   2            i = 0;  
C51 COMPILER V9.54   SERVO                                                                 10/21/2022 20:55:13 PAGE 2   

  54   2            break;   
  55   2        }
  56   1        i++;
  57   1      }


MODULE INFORMATION:   STATIC OVERLAYABLE
   CODE SIZE        =     94    ----
   CONSTANT SIZE    =   ----    ----
   XDATA SIZE       =   ----    ----
   PDATA SIZE       =   ----    ----
   DATA SIZE        =      3    ----
   IDATA SIZE       =   ----    ----
   BIT SIZE         =   ----    ----
END OF MODULE INFORMATION.


C51 COMPILATION COMPLETE.  0 WARNING(S),  0 ERROR(S)
